<?xml version="1.0" encoding="UTF-8" standalone="yes"?>
<!DOCTYPE report PUBLIC "-//JACOCO//DTD Report 1.1//EN" "report.dtd">
<report name="example">
  <sessioninfo id="host-1" start="1700000000000" dump="1700000001000"/>
  <package name="com/example/pay">
    <class name="com/example/pay/Payment" sourcefilename="Payment.java">
      <method name="charge" desc="(I)V" line="7">
        <counter type="INSTRUCTION" missed="0" covered="12"/>
        <counter type="METHOD" missed="0" covered="1"/>
      </method>
      <method name="refund" desc="(Ljava/lang/String;)V" line="15">
        <counter type="INSTRUCTION" missed="8" covered="0"/>
        <counter type="METHOD" missed="1" covered="0"/>
      </method>
      <counter type="CLASS" missed="0" covered="1"/>
    </class>
    <sourcefile name="Payment.java">
      <line nr="7" mi="0" ci="4" mb="0" cb="0"/>
      <line nr="8" mi="0" ci="6" mb="1" cb="1"/>
      <line nr="9" mi="0" ci="2" mb="0" cb="0"/>
      <line nr="15" mi="5" ci="0" mb="2" cb="0"/>
      <line nr="16" mi="3" ci="0" mb="0" cb="0"/>
      <counter type="LINE" missed="2" covered="3"/>
    </sourcefile>
    <counter type="LINE" missed="2" covered="3"/>
  </package>
  <package name="">
    <class name="Main" sourcefilename="Main.java">
      <method name="main" desc="([Ljava/lang/String;)V" line="3">
        <counter type="METHOD" missed="0" covered="1"/>
      </method>
    </class>
    <sourcefile name="Main.java">
      <line nr="3" mi="0" ci="2" mb="0" cb="0"/>
    </sourcefile>
  </package>
  <counter type="LINE" missed="2" covered="4"/>
</report>
