<?xml version="1.0" ?>
<!DOCTYPE coverage SYSTEM "http://cobertura.sourceforge.net/xml/coverage-04.dtd">
<coverage version="7.4.1" timestamp="1700000000" line-rate="0.6" branch-rate="0.5" lines-covered="3" lines-valid="5" branches-covered="1" branches-valid="2" complexity="0">
  <sources>
    <source>/home/runner/work/app</source>
  </sources>
  <packages>
    <package name="src" line-rate="0.6" branch-rate="0.5" complexity="0">
      <classes>
        <class name="payment" filename="src/payment.py" line-rate="0.6" branch-rate="0.5" complexity="0">
          <methods>
            <method name="charge" signature="(amount)" line-rate="1.0" branch-rate="1.0" complexity="0">
              <lines>
                <line number="4" hits="9"/>
              </lines>
            </method>
            <method name="refund" signature="(id)" line-rate="0.0" branch-rate="0.0" complexity="0">
              <lines>
                <line number="12" hits="0"/>
              </lines>
            </method>
          </methods>
          <lines>
            <line number="4" hits="9" branch="false"/>
            <line number="5" hits="9" branch="true" condition-coverage="50% (1/2)"/>
            <line number="6" hits="3" branch="false"/>
            <line number="12" hits="0" branch="false"/>
            <line number="13" hits="0" branch="false"/>
          </lines>
        </class>
        <class name="payment.Inner" filename="src/payment.py" line-rate="1.0" branch-rate="1.0" complexity="0">
          <methods/>
          <lines>
            <line number="20" hits="2" branch="false"/>
          </lines>
        </class>
      </classes>
    </package>
  </packages>
</coverage>
